<?xml version="1.0" encoding="UTF-8"?>
<!-- Generated by org.testng.reporters.JUnitXMLReporter -->
<testsuite ignored="0" hostname="LAPTOP-6767CQNH" failures="0" tests="3" name="Default test" time="0.057" errors="0" timestamp="2026-06-02T17:18:50 IST">
  <testcase classname="selenuimTest.DataProvider2" name="verifyTheLogin" time="0.01"/>
  <testcase classname="selenuimTest.DataProvider2" name="verifyTheLogin" time="0.002"/>
  <testcase classname="selenuimTest.DataProvider2" name="verifyTheLogin" time="0.002"/>
</testsuite> <!-- Default test -->
