<?xml version="1.0" encoding="UTF-8"?>
<testng-results ignored="0" total="3" passed="3" failed="0" skipped="0">
  <reporter-output>
  </reporter-output>
  <suite started-at="2026-06-02T17:18:50 IST" name="Default suite" finished-at="2026-06-02T17:18:50 IST" duration-ms="57">
    <groups>
    </groups>
    <test started-at="2026-06-02T17:18:50 IST" name="Default test" finished-at="2026-06-02T17:18:50 IST" duration-ms="57">
      <class name="selenuimTest.DataProvider2">
        <test-method signature="verifyTheLogin(java.lang.String,java.lang.String)[pri:0, instance:selenuimTest.DataProvider2@368f2016]" started-at="2026-06-02T17:18:50 IST" name="verifyTheLogin" data-provider="verifyLoginWithDataSet" finished-at="2026-06-02T17:18:50 IST" duration-ms="10" status="PASS">
          <params>
            <param index="0">
              <value>
                <![CDATA[ajeet@gmail.com]]>
              </value>
            </param>
            <param index="1">
              <value>
                <![CDATA[123@kum]]>
              </value>
            </param>
          </params>
          <reporter-output>
          </reporter-output>
        </test-method> <!-- verifyTheLogin -->
        <test-method signature="verifyTheLogin(java.lang.String,java.lang.String)[pri:0, instance:selenuimTest.DataProvider2@368f2016]" started-at="2026-06-02T17:18:50 IST" name="verifyTheLogin" data-provider="verifyLoginWithDataSet" finished-at="2026-06-02T17:18:50 IST" duration-ms="2" status="PASS">
          <params>
            <param index="0">
              <value>
                <![CDATA[ajeet@yopmail]]>
              </value>
            </param>
            <param index="1">
              <value>
                <![CDATA[123345]]>
              </value>
            </param>
          </params>
          <reporter-output>
          </reporter-output>
        </test-method> <!-- verifyTheLogin -->
        <test-method signature="verifyTheLogin(java.lang.String,java.lang.String)[pri:0, instance:selenuimTest.DataProvider2@368f2016]" started-at="2026-06-02T17:18:50 IST" name="verifyTheLogin" data-provider="verifyLoginWithDataSet" finished-at="2026-06-02T17:18:50 IST" duration-ms="2" status="PASS">
          <params>
            <param index="0">
              <value>
                <![CDATA[test@gmail.com]]>
              </value>
            </param>
            <param index="1">
              <value>
                <![CDATA[1234567]]>
              </value>
            </param>
          </params>
          <reporter-output>
          </reporter-output>
        </test-method> <!-- verifyTheLogin -->
      </class> <!-- selenuimTest.DataProvider2 -->
    </test> <!-- Default test -->
  </suite> <!-- Default suite -->
</testng-results>
