<?xml version="1.0" encoding="UTF-8"?>
<testng-results ignored="0" total="1" passed="1" failed="0" skipped="0">
  <reporter-output>
  </reporter-output>
  <suite started-at="2026-06-02T18:31:20 IST" name="Suite" finished-at="2026-06-02T18:31:30 IST" duration-ms="10704">
    <groups>
    </groups>
    <test started-at="2026-06-02T18:31:20 IST" name="Test" finished-at="2026-06-02T18:31:30 IST" duration-ms="10704">
      <class name="selenuimTest.Parameterization">
        <test-method is-config="true" signature="lunchBrowser(java.lang.String)[pri:0, instance:selenuimTest.Parameterization@368f2016]" started-at="2026-06-02T18:31:20 IST" name="lunchBrowser" finished-at="2026-06-02T18:31:29 IST" duration-ms="9553" status="PASS">
          <params>
            <param index="0">
              <value>
                <![CDATA[https://www.facebook.com]]>
              </value>
            </param>
          </params>
          <reporter-output>
          </reporter-output>
        </test-method> <!-- lunchBrowser -->
        <test-method signature="facebookSignIn(java.lang.String,java.lang.String)[pri:0, instance:selenuimTest.Parameterization@368f2016]" started-at="2026-06-02T18:31:29 IST" name="facebookSignIn" finished-at="2026-06-02T18:31:30 IST" duration-ms="1055" status="PASS">
          <params>
            <param index="0">
              <value>
                <![CDATA[qwer@gmail.com]]>
              </value>
            </param>
            <param index="1">
              <value>
                <![CDATA[pass@1234]]>
              </value>
            </param>
          </params>
          <reporter-output>
          </reporter-output>
        </test-method> <!-- facebookSignIn -->
      </class> <!-- selenuimTest.Parameterization -->
    </test> <!-- Test -->
  </suite> <!-- Suite -->
</testng-results>
