<?xml version="1.0" encoding="UTF-8"?>
<!-- Generated by org.testng.reporters.JUnitReportReporter -->
<testsuite hostname="LAPTOP-6767CQNH" failures="0" tests="3" name="selenuimTest.DataProvider2" time="0.014" errors="0" timestamp="2026-06-02T17:18:50 IST" skipped="0">
  <testcase classname="selenuimTest.DataProvider2" name="verifyTheLogin" time="0.002"/>
  <testcase classname="selenuimTest.DataProvider2" name="verifyTheLogin" time="0.010"/>
  <testcase classname="selenuimTest.DataProvider2" name="verifyTheLogin" time="0.002"/>
</testsuite> <!-- selenuimTest.DataProvider2 -->
